<?xml version="1.0" encoding="UTF-8"?>
<!-- Generated by org.testng.reporters.JUnitReportReporter -->
<testsuite hostname="Test" failures="0" tests="16" name="saucedemo.testCases.TestExecution" time="6.061" errors="0" timestamp="2025-03-10T12:16:07 EET" skipped="0">
  <testcase classname="saucedemo.testCases.TestExecution" name="TC16" time="0.116"/>
  <testcase classname="saucedemo.testCases.TestExecution" name="TC5" time="0.008"/>
  <testcase classname="saucedemo.testCases.TestExecution" name="TC9" time="0.047"/>
  <testcase classname="saucedemo.testCases.TestExecution" name="TC13" time="0.534"/>
  <testcase classname="saucedemo.testCases.TestExecution" name="TC1" time="0.149"/>
  <testcase classname="saucedemo.testCases.TestExecution" name="TC3" time="0.235"/>
  <testcase classname="saucedemo.testCases.TestExecution" name="TC14" time="0.178"/>
  <testcase classname="saucedemo.testCases.TestExecution" name="TC10" time="3.263"/>
  <testcase classname="saucedemo.testCases.TestExecution" name="TC12" time="0.493"/>
  <testcase classname="saucedemo.testCases.TestExecution" name="TC2" time="0.174"/>
  <testcase classname="saucedemo.testCases.TestExecution" name="TC4" time="0.162"/>
  <testcase classname="saucedemo.testCases.TestExecution" name="TC7" time="0.219"/>
  <testcase classname="saucedemo.testCases.TestExecution" name="TC8" time="0.206"/>
  <testcase classname="saucedemo.testCases.TestExecution" name="TC11" time="0.013"/>
  <testcase classname="saucedemo.testCases.TestExecution" name="TC15" time="0.245"/>
  <testcase classname="saucedemo.testCases.TestExecution" name="TC6" time="0.019"/>
</testsuite> <!-- saucedemo.testCases.TestExecution -->
