<?xml version="1.0" encoding="UTF-8"?>
<!-- Generated by org.testng.reporters.JUnitReportReporter -->
<testsuite hostname="DESKTOP-8VUSPTS" failures="0" tests="16" name="testCases.TestExecution" time="6.112" errors="0" timestamp="2024-12-02T14:57:32 EET" skipped="0">
  <testcase classname="testCases.TestExecution" name="TC1" time="0.162"/>
  <testcase classname="testCases.TestExecution" name="TC14" time="0.155"/>
  <testcase classname="testCases.TestExecution" name="TC9" time="0.059"/>
  <testcase classname="testCases.TestExecution" name="TC13" time="0.486"/>
  <testcase classname="testCases.TestExecution" name="TC6" time="0.018"/>
  <testcase classname="testCases.TestExecution" name="TC12" time="0.502"/>
  <testcase classname="testCases.TestExecution" name="TC5" time="0.007"/>
  <testcase classname="testCases.TestExecution" name="TC3" time="0.251"/>
  <testcase classname="testCases.TestExecution" name="TC2" time="0.170"/>
  <testcase classname="testCases.TestExecution" name="TC8" time="0.233"/>
  <testcase classname="testCases.TestExecution" name="TC16" time="0.096"/>
  <testcase classname="testCases.TestExecution" name="TC7" time="0.296"/>
  <testcase classname="testCases.TestExecution" name="TC10" time="3.261"/>
  <testcase classname="testCases.TestExecution" name="TC15" time="0.188"/>
  <testcase classname="testCases.TestExecution" name="TC11" time="0.031"/>
  <testcase classname="testCases.TestExecution" name="TC4" time="0.197"/>
</testsuite> <!-- testCases.TestExecution -->
