<?xml version="1.0" encoding="UTF-8"?>
<!-- Generated by org.testng.reporters.JUnitReportReporter -->
<testsuite hostname="DESKTOP-8VUSPTS" failures="0" tests="16" name="TestCases.TestExecution" time="8.800" errors="0" timestamp="2024-11-25T12:12:32 EET" skipped="0">
  <testcase classname="TestCases.TestExecution" name="TC11" time="0.016"/>
  <testcase classname="TestCases.TestExecution" name="TC16" time="0.271"/>
  <testcase classname="TestCases.TestExecution" name="TC15" time="0.143"/>
  <testcase classname="TestCases.TestExecution" name="TC9" time="0.053"/>
  <testcase classname="TestCases.TestExecution" name="TC4" time="0.320"/>
  <testcase classname="TestCases.TestExecution" name="TC12" time="0.426"/>
  <testcase classname="TestCases.TestExecution" name="TC7" time="0.379"/>
  <testcase classname="TestCases.TestExecution" name="TC14" time="0.105"/>
  <testcase classname="TestCases.TestExecution" name="TC5" time="0.010"/>
  <testcase classname="TestCases.TestExecution" name="TC6" time="0.010"/>
  <testcase classname="TestCases.TestExecution" name="TC1" time="0.345"/>
  <testcase classname="TestCases.TestExecution" name="TC2" time="0.321"/>
  <testcase classname="TestCases.TestExecution" name="TC10" time="4.378"/>
  <testcase classname="TestCases.TestExecution" name="TC3" time="0.345"/>
  <testcase classname="TestCases.TestExecution" name="TC13" time="1.314"/>
  <testcase classname="TestCases.TestExecution" name="TC8" time="0.364"/>
</testsuite> <!-- TestCases.TestExecution -->
