<?xml version="1.0" encoding="UTF-8"?>
<!-- Generated by org.testng.reporters.JUnitReportReporter -->
<testsuite hostname="DESKTOP-8VUSPTS" failures="0" tests="16" name="TestCases.TestExecution" time="6.217" errors="0" timestamp="2024-11-27T14:44:21 EET" skipped="0">
  <testcase classname="TestCases.TestExecution" name="TC12" time="0.489"/>
  <testcase classname="TestCases.TestExecution" name="TC7" time="0.265"/>
  <testcase classname="TestCases.TestExecution" name="TC6" time="0.019"/>
  <testcase classname="TestCases.TestExecution" name="TC9" time="0.060"/>
  <testcase classname="TestCases.TestExecution" name="TC3" time="0.266"/>
  <testcase classname="TestCases.TestExecution" name="TC14" time="0.176"/>
  <testcase classname="TestCases.TestExecution" name="TC10" time="3.290"/>
  <testcase classname="TestCases.TestExecution" name="TC1" time="0.180"/>
  <testcase classname="TestCases.TestExecution" name="TC8" time="0.244"/>
  <testcase classname="TestCases.TestExecution" name="TC4" time="0.201"/>
  <testcase classname="TestCases.TestExecution" name="TC2" time="0.167"/>
  <testcase classname="TestCases.TestExecution" name="TC16" time="0.093"/>
  <testcase classname="TestCases.TestExecution" name="TC11" time="0.032"/>
  <testcase classname="TestCases.TestExecution" name="TC13" time="0.503"/>
  <testcase classname="TestCases.TestExecution" name="TC15" time="0.222"/>
  <testcase classname="TestCases.TestExecution" name="TC5" time="0.010"/>
</testsuite> <!-- TestCases.TestExecution -->
