<?xml version="1.0" encoding="UTF-8"?>
<!-- Generated by org.testng.reporters.JUnitReportReporter -->
<testsuite hostname="DESKTOP-8VUSPTS" failures="0" tests="16" name="TestCases.TestExecution" time="5.972" errors="0" timestamp="2024-12-02T12:27:03 EET" skipped="0">
  <testcase classname="TestCases.TestExecution" name="TC4" time="0.199"/>
  <testcase classname="TestCases.TestExecution" name="TC13" time="0.477"/>
  <testcase classname="TestCases.TestExecution" name="TC3" time="0.246"/>
  <testcase classname="TestCases.TestExecution" name="TC14" time="0.156"/>
  <testcase classname="TestCases.TestExecution" name="TC2" time="0.158"/>
  <testcase classname="TestCases.TestExecution" name="TC9" time="0.059"/>
  <testcase classname="TestCases.TestExecution" name="TC11" time="0.041"/>
  <testcase classname="TestCases.TestExecution" name="TC12" time="0.370"/>
  <testcase classname="TestCases.TestExecution" name="TC6" time="0.017"/>
  <testcase classname="TestCases.TestExecution" name="TC15" time="0.207"/>
  <testcase classname="TestCases.TestExecution" name="TC5" time="0.010"/>
  <testcase classname="TestCases.TestExecution" name="TC16" time="0.110"/>
  <testcase classname="TestCases.TestExecution" name="TC7" time="0.281"/>
  <testcase classname="TestCases.TestExecution" name="TC10" time="3.233"/>
  <testcase classname="TestCases.TestExecution" name="TC8" time="0.244"/>
  <testcase classname="TestCases.TestExecution" name="TC1" time="0.164"/>
</testsuite> <!-- TestCases.TestExecution -->
