<?xml version="1.0" encoding="UTF-8"?>
<!-- Generated by org.testng.reporters.JUnitReportReporter -->
<testsuite hostname="Test" failures="0" tests="16" name="saucedemo.testCases.TestExecution" time="6.604" errors="0" timestamp="2025-01-31T15:34:14 EET" skipped="0">
  <testcase classname="saucedemo.testCases.TestExecution" name="TC11" time="0.018"/>
  <system-out/>
  <testcase classname="saucedemo.testCases.TestExecution" name="TC2" time="0.191"/>
  <system-out/>
  <testcase classname="saucedemo.testCases.TestExecution" name="TC9" time="0.048"/>
  <system-out/>
  <testcase classname="saucedemo.testCases.TestExecution" name="TC14" time="0.188"/>
  <system-out/>
  <testcase classname="saucedemo.testCases.TestExecution" name="TC5" time="0.010"/>
  <system-out/>
  <testcase classname="saucedemo.testCases.TestExecution" name="TC4" time="0.235"/>
  <system-out/>
  <testcase classname="saucedemo.testCases.TestExecution" name="TC12" time="0.557"/>
  <system-out/>
  <testcase classname="saucedemo.testCases.TestExecution" name="TC10" time="3.363"/>
  <system-out/>
  <testcase classname="saucedemo.testCases.TestExecution" name="TC8" time="0.254"/>
  <system-out/>
  <testcase classname="saucedemo.testCases.TestExecution" name="TC7" time="0.259"/>
  <system-out/>
  <testcase classname="saucedemo.testCases.TestExecution" name="TC13" time="0.500"/>
  <system-out/>
  <testcase classname="saucedemo.testCases.TestExecution" name="TC1" time="0.203"/>
  <system-out/>
  <testcase classname="saucedemo.testCases.TestExecution" name="TC3" time="0.313"/>
  <system-out/>
  <testcase classname="saucedemo.testCases.TestExecution" name="TC16" time="0.144"/>
  <system-out/>
  <testcase classname="saucedemo.testCases.TestExecution" name="TC15" time="0.303"/>
  <system-out/>
  <testcase classname="saucedemo.testCases.TestExecution" name="TC6" time="0.018"/>
  <system-out/>
</testsuite> <!-- saucedemo.testCases.TestExecution -->
