<?xml version="1.0" encoding="UTF-8"?>
<!-- Generated by org.testng.reporters.JUnitReportReporter -->
<testsuite hostname="DESKTOP-8VUSPTS" failures="0" tests="1" name="TestCases.HomePage" time="0.545" errors="0" timestamp="2024-11-12T15:14:40 EET" skipped="0">
  <testcase classname="TestCases.HomePage" name="test" time="0.545"/>
</testsuite> <!-- TestCases.HomePage -->
