<?xml version="1.0" encoding="UTF-8"?>
<!-- Generated by org.testng.reporters.JUnitReportReporter -->
<testsuite hostname="DESKTOP-8VUSPTS" failures="0" tests="16" name="TestCases.TestExecution" time="9.153" errors="0" timestamp="2024-11-22T17:44:36 EET" skipped="0">
  <testcase classname="TestCases.TestExecution" name="TC3" time="0.337"/>
  <testcase classname="TestCases.TestExecution" name="TC16" time="0.270"/>
  <testcase classname="TestCases.TestExecution" name="TC7" time="0.405"/>
  <testcase classname="TestCases.TestExecution" name="TC4" time="0.298"/>
  <testcase classname="TestCases.TestExecution" name="TC8" time="0.357"/>
  <testcase classname="TestCases.TestExecution" name="TC6" time="0.010"/>
  <testcase classname="TestCases.TestExecution" name="TC5" time="0.010"/>
  <testcase classname="TestCases.TestExecution" name="TC2" time="0.328"/>
  <testcase classname="TestCases.TestExecution" name="TC13" time="1.391"/>
  <testcase classname="TestCases.TestExecution" name="TC14" time="0.154"/>
  <testcase classname="TestCases.TestExecution" name="TC15" time="0.133"/>
  <testcase classname="TestCases.TestExecution" name="TC12" time="0.578"/>
  <testcase classname="TestCases.TestExecution" name="TC1" time="0.386"/>
  <testcase classname="TestCases.TestExecution" name="TC11" time="0.020"/>
  <testcase classname="TestCases.TestExecution" name="TC10" time="4.425"/>
  <testcase classname="TestCases.TestExecution" name="TC9" time="0.051"/>
</testsuite> <!-- TestCases.TestExecution -->
