<?xml version="1.0" encoding="UTF-8"?>
<!-- Generated by org.testng.reporters.JUnitReportReporter -->
<testsuite hostname="DESKTOP-8VUSPTS" failures="0" tests="16" name="TestCases.TestExecution" time="8.837" errors="0" timestamp="2024-11-22T16:42:04 EET" skipped="0">
  <testcase classname="TestCases.TestExecution" name="TC2" time="0.327"/>
  <testcase classname="TestCases.TestExecution" name="TC15" time="0.173"/>
  <testcase classname="TestCases.TestExecution" name="TC11" time="0.015"/>
  <testcase classname="TestCases.TestExecution" name="TC16" time="0.248"/>
  <testcase classname="TestCases.TestExecution" name="TC7" time="0.388"/>
  <testcase classname="TestCases.TestExecution" name="TC1" time="0.341"/>
  <testcase classname="TestCases.TestExecution" name="TC6" time="0.012"/>
  <testcase classname="TestCases.TestExecution" name="TC3" time="0.303"/>
  <testcase classname="TestCases.TestExecution" name="TC12" time="0.500"/>
  <testcase classname="TestCases.TestExecution" name="TC5" time="0.016"/>
  <testcase classname="TestCases.TestExecution" name="TC14" time="0.140"/>
  <testcase classname="TestCases.TestExecution" name="TC13" time="1.301"/>
  <testcase classname="TestCases.TestExecution" name="TC10" time="4.333"/>
  <testcase classname="TestCases.TestExecution" name="TC4" time="0.314"/>
  <testcase classname="TestCases.TestExecution" name="TC8" time="0.371"/>
  <testcase classname="TestCases.TestExecution" name="TC9" time="0.055"/>
</testsuite> <!-- TestCases.TestExecution -->
