<?xml version="1.0" encoding="UTF-8"?>
<!-- Generated by org.testng.reporters.JUnitReportReporter -->
<testsuite hostname="Test" failures="0" tests="16" name="saucedemo.testCases.TestExecution" time="7.102" errors="0" timestamp="2025-01-31T14:52:59 EET" skipped="0">
  <testcase classname="saucedemo.testCases.TestExecution" name="TC7" time="0.277"/>
  <system-out/>
  <testcase classname="saucedemo.testCases.TestExecution" name="TC2" time="0.231"/>
  <system-out/>
  <testcase classname="saucedemo.testCases.TestExecution" name="TC1" time="0.201"/>
  <system-out/>
  <testcase classname="saucedemo.testCases.TestExecution" name="TC16" time="0.154"/>
  <system-out/>
  <testcase classname="saucedemo.testCases.TestExecution" name="TC3" time="0.292"/>
  <system-out/>
  <testcase classname="saucedemo.testCases.TestExecution" name="TC10" time="3.372"/>
  <system-out/>
  <testcase classname="saucedemo.testCases.TestExecution" name="TC11" time="0.025"/>
  <system-out/>
  <testcase classname="saucedemo.testCases.TestExecution" name="TC14" time="0.273"/>
  <system-out/>
  <testcase classname="saucedemo.testCases.TestExecution" name="TC12" time="0.690"/>
  <system-out/>
  <testcase classname="saucedemo.testCases.TestExecution" name="TC6" time="0.017"/>
  <system-out/>
  <testcase classname="saucedemo.testCases.TestExecution" name="TC8" time="0.269"/>
  <system-out/>
  <testcase classname="saucedemo.testCases.TestExecution" name="TC4" time="0.260"/>
  <system-out/>
  <testcase classname="saucedemo.testCases.TestExecution" name="TC5" time="0.010"/>
  <system-out/>
  <testcase classname="saucedemo.testCases.TestExecution" name="TC9" time="0.075"/>
  <system-out/>
  <testcase classname="saucedemo.testCases.TestExecution" name="TC13" time="0.610"/>
  <system-out/>
  <testcase classname="saucedemo.testCases.TestExecution" name="TC15" time="0.346"/>
  <system-out/>
</testsuite> <!-- saucedemo.testCases.TestExecution -->
