<?xml version="1.0" encoding="UTF-8"?>
<!-- Generated by org.testng.reporters.JUnitReportReporter -->
<testsuite hostname="Test" failures="0" tests="16" name="saucedemo.testCases.TestExecution" time="5.966" errors="0" timestamp="2025-06-13T11:40:57 EEST" skipped="0">
  <testcase classname="saucedemo.testCases.TestExecution" name="TC6" time="0.041"/>
  <testcase classname="saucedemo.testCases.TestExecution" name="TC16" time="0.092"/>
  <testcase classname="saucedemo.testCases.TestExecution" name="TC11" time="0.020"/>
  <testcase classname="saucedemo.testCases.TestExecution" name="TC3" time="0.213"/>
  <testcase classname="saucedemo.testCases.TestExecution" name="TC4" time="0.162"/>
  <testcase classname="saucedemo.testCases.TestExecution" name="TC8" time="0.227"/>
  <testcase classname="saucedemo.testCases.TestExecution" name="TC5" time="0.010"/>
  <testcase classname="saucedemo.testCases.TestExecution" name="TC9" time="0.051"/>
  <testcase classname="saucedemo.testCases.TestExecution" name="TC2" time="0.139"/>
  <testcase classname="saucedemo.testCases.TestExecution" name="TC1" time="0.158"/>
  <testcase classname="saucedemo.testCases.TestExecution" name="TC7" time="0.237"/>
  <testcase classname="saucedemo.testCases.TestExecution" name="TC15" time="0.223"/>
  <testcase classname="saucedemo.testCases.TestExecution" name="TC14" time="0.162"/>
  <testcase classname="saucedemo.testCases.TestExecution" name="TC13" time="0.542"/>
  <testcase classname="saucedemo.testCases.TestExecution" name="TC12" time="0.436"/>
  <testcase classname="saucedemo.testCases.TestExecution" name="TC10" time="3.253"/>
</testsuite> <!-- saucedemo.testCases.TestExecution -->
