<?xml version="1.0" encoding="UTF-8"?>
<!-- Generated by org.testng.reporters.JUnitReportReporter -->
<testsuite hostname="Test" failures="0" tests="16" name="saucedemo.testCases.TestExecution" time="5.918" errors="0" timestamp="2025-01-20T12:32:40 EET" skipped="0">
  <testcase classname="saucedemo.testCases.TestExecution" name="TC15" time="0.190"/>
  <system-out/>
  <testcase classname="saucedemo.testCases.TestExecution" name="TC8" time="0.209"/>
  <system-out/>
  <testcase classname="saucedemo.testCases.TestExecution" name="TC12" time="0.501"/>
  <system-out/>
  <testcase classname="saucedemo.testCases.TestExecution" name="TC5" time="0.010"/>
  <system-out/>
  <testcase classname="saucedemo.testCases.TestExecution" name="TC6" time="0.020"/>
  <system-out/>
  <testcase classname="saucedemo.testCases.TestExecution" name="TC7" time="0.280"/>
  <system-out/>
  <testcase classname="saucedemo.testCases.TestExecution" name="TC14" time="0.148"/>
  <system-out/>
  <testcase classname="saucedemo.testCases.TestExecution" name="TC2" time="0.149"/>
  <system-out/>
  <testcase classname="saucedemo.testCases.TestExecution" name="TC9" time="0.051"/>
  <system-out/>
  <testcase classname="saucedemo.testCases.TestExecution" name="TC16" time="0.076"/>
  <system-out/>
  <testcase classname="saucedemo.testCases.TestExecution" name="TC1" time="0.137"/>
  <system-out/>
  <testcase classname="saucedemo.testCases.TestExecution" name="TC3" time="0.241"/>
  <system-out/>
  <testcase classname="saucedemo.testCases.TestExecution" name="TC10" time="3.234"/>
  <system-out/>
  <testcase classname="saucedemo.testCases.TestExecution" name="TC13" time="0.415"/>
  <system-out/>
  <testcase classname="saucedemo.testCases.TestExecution" name="TC11" time="0.024"/>
  <system-out/>
  <testcase classname="saucedemo.testCases.TestExecution" name="TC4" time="0.233"/>
  <system-out/>
</testsuite> <!-- saucedemo.testCases.TestExecution -->
