<?xml version="1.0" encoding="UTF-8"?>
<!-- Generated by org.testng.reporters.JUnitReportReporter -->
<testsuite hostname="DESKTOP-8VUSPTS" failures="0" tests="16" name="Project2.TestCases.TestExecution" time="6.013" errors="0" timestamp="2024-12-02T14:47:10 EET" skipped="0">
  <testcase classname="Project2.TestCases.TestExecution" name="TC3" time="0.254"/>
  <testcase classname="Project2.TestCases.TestExecution" name="TC7" time="0.283"/>
  <testcase classname="Project2.TestCases.TestExecution" name="TC8" time="0.238"/>
  <testcase classname="Project2.TestCases.TestExecution" name="TC10" time="3.278"/>
  <testcase classname="Project2.TestCases.TestExecution" name="TC5" time="0.007"/>
  <testcase classname="Project2.TestCases.TestExecution" name="TC4" time="0.197"/>
  <testcase classname="Project2.TestCases.TestExecution" name="TC13" time="0.467"/>
  <testcase classname="Project2.TestCases.TestExecution" name="TC6" time="0.019"/>
  <testcase classname="Project2.TestCases.TestExecution" name="TC9" time="0.063"/>
  <testcase classname="Project2.TestCases.TestExecution" name="TC12" time="0.404"/>
  <testcase classname="Project2.TestCases.TestExecution" name="TC1" time="0.154"/>
  <testcase classname="Project2.TestCases.TestExecution" name="TC11" time="0.023"/>
  <testcase classname="Project2.TestCases.TestExecution" name="TC14" time="0.164"/>
  <testcase classname="Project2.TestCases.TestExecution" name="TC15" time="0.199"/>
  <testcase classname="Project2.TestCases.TestExecution" name="TC2" time="0.161"/>
  <testcase classname="Project2.TestCases.TestExecution" name="TC16" time="0.102"/>
</testsuite> <!-- Project2.TestCases.TestExecution -->
