<?xml version="1.0" encoding="UTF-8"?>
<!-- Generated by org.testng.reporters.JUnitReportReporter -->
<testsuite hostname="Test" failures="0" tests="16" name="saucedemo.testCases.TestExecution" time="5.389" errors="0" timestamp="2024-12-13T13:12:00 EET" skipped="0">
  <testcase classname="saucedemo.testCases.TestExecution" name="TC15" time="0.132"/>
  <system-out/>
  <testcase classname="saucedemo.testCases.TestExecution" name="TC2" time="0.135"/>
  <system-out/>
  <testcase classname="saucedemo.testCases.TestExecution" name="TC1" time="0.127"/>
  <system-out/>
  <testcase classname="saucedemo.testCases.TestExecution" name="TC10" time="3.193"/>
  <system-out/>
  <testcase classname="saucedemo.testCases.TestExecution" name="TC16" time="0.061"/>
  <system-out/>
  <testcase classname="saucedemo.testCases.TestExecution" name="TC8" time="0.164"/>
  <system-out/>
  <testcase classname="saucedemo.testCases.TestExecution" name="TC12" time="0.499"/>
  <system-out/>
  <testcase classname="saucedemo.testCases.TestExecution" name="TC6" time="0.015"/>
  <system-out/>
  <testcase classname="saucedemo.testCases.TestExecution" name="TC13" time="0.339"/>
  <system-out/>
  <testcase classname="saucedemo.testCases.TestExecution" name="TC9" time="0.037"/>
  <system-out/>
  <testcase classname="saucedemo.testCases.TestExecution" name="TC3" time="0.210"/>
  <system-out/>
  <testcase classname="saucedemo.testCases.TestExecution" name="TC7" time="0.175"/>
  <system-out/>
  <testcase classname="saucedemo.testCases.TestExecution" name="TC11" time="0.026"/>
  <system-out/>
  <testcase classname="saucedemo.testCases.TestExecution" name="TC14" time="0.100"/>
  <system-out/>
  <testcase classname="saucedemo.testCases.TestExecution" name="TC4" time="0.168"/>
  <system-out/>
  <testcase classname="saucedemo.testCases.TestExecution" name="TC5" time="0.008"/>
  <system-out/>
</testsuite> <!-- saucedemo.testCases.TestExecution -->
