<?xml version="1.0" encoding="UTF-8"?>
<!-- Generated by org.testng.reporters.JUnitReportReporter -->
<testsuite hostname="Test" failures="0" tests="16" name="saucedemo.testCases.TestExecution" time="6.178" errors="0" timestamp="2025-02-17T13:33:11 EET" skipped="0">
  <testcase classname="saucedemo.testCases.TestExecution" name="TC12" time="0.638"/>
  <testcase classname="saucedemo.testCases.TestExecution" name="TC10" time="3.285"/>
  <testcase classname="saucedemo.testCases.TestExecution" name="TC11" time="0.025"/>
  <testcase classname="saucedemo.testCases.TestExecution" name="TC3" time="0.260"/>
  <testcase classname="saucedemo.testCases.TestExecution" name="TC1" time="0.186"/>
  <testcase classname="saucedemo.testCases.TestExecution" name="TC4" time="0.233"/>
  <testcase classname="saucedemo.testCases.TestExecution" name="TC5" time="0.010"/>
  <testcase classname="saucedemo.testCases.TestExecution" name="TC6" time="0.019"/>
  <testcase classname="saucedemo.testCases.TestExecution" name="TC8" time="0.198"/>
  <testcase classname="saucedemo.testCases.TestExecution" name="TC2" time="0.190"/>
  <testcase classname="saucedemo.testCases.TestExecution" name="TC15" time="0.196"/>
  <testcase classname="saucedemo.testCases.TestExecution" name="TC14" time="0.144"/>
  <testcase classname="saucedemo.testCases.TestExecution" name="TC16" time="0.081"/>
  <testcase classname="saucedemo.testCases.TestExecution" name="TC7" time="0.245"/>
  <testcase classname="saucedemo.testCases.TestExecution" name="TC13" time="0.419"/>
  <testcase classname="saucedemo.testCases.TestExecution" name="TC9" time="0.049"/>
</testsuite> <!-- saucedemo.testCases.TestExecution -->
