<?xml version="1.0" encoding="UTF-8"?>
<!-- Generated by org.testng.reporters.JUnitReportReporter -->
<testsuite hostname="DESKTOP-8VUSPTS" failures="0" tests="16" name="saucedemo.testCases.TestExecution" time="6.111" errors="0" timestamp="2024-12-02T15:47:46 EET" skipped="0">
  <testcase classname="saucedemo.testCases.TestExecution" name="TC6" time="0.018"/>
  <testcase classname="saucedemo.testCases.TestExecution" name="TC1" time="0.165"/>
  <testcase classname="saucedemo.testCases.TestExecution" name="TC11" time="0.029"/>
  <testcase classname="saucedemo.testCases.TestExecution" name="TC10" time="3.284"/>
  <testcase classname="saucedemo.testCases.TestExecution" name="TC8" time="0.236"/>
  <testcase classname="saucedemo.testCases.TestExecution" name="TC7" time="0.282"/>
  <testcase classname="saucedemo.testCases.TestExecution" name="TC12" time="0.493"/>
  <testcase classname="saucedemo.testCases.TestExecution" name="TC13" time="0.449"/>
  <testcase classname="saucedemo.testCases.TestExecution" name="TC15" time="0.231"/>
  <testcase classname="saucedemo.testCases.TestExecution" name="TC5" time="0.010"/>
  <testcase classname="saucedemo.testCases.TestExecution" name="TC3" time="0.259"/>
  <testcase classname="saucedemo.testCases.TestExecution" name="TC9" time="0.056"/>
  <testcase classname="saucedemo.testCases.TestExecution" name="TC14" time="0.157"/>
  <testcase classname="saucedemo.testCases.TestExecution" name="TC2" time="0.148"/>
  <testcase classname="saucedemo.testCases.TestExecution" name="TC4" time="0.199"/>
  <testcase classname="saucedemo.testCases.TestExecution" name="TC16" time="0.095"/>
</testsuite> <!-- saucedemo.testCases.TestExecution -->
