<?xml version="1.0" encoding="UTF-8"?>
<!-- Generated by org.testng.reporters.JUnitReportReporter -->
<testsuite hostname="Test" failures="0" tests="16" name="saucedemo.testCases.TestExecution" time="6.329" errors="0" timestamp="2025-01-27T10:25:08 EET" skipped="0">
  <testcase classname="saucedemo.testCases.TestExecution" name="TC5" time="0.011"/>
  <system-out/>
  <testcase classname="saucedemo.testCases.TestExecution" name="TC2" time="0.186"/>
  <system-out/>
  <testcase classname="saucedemo.testCases.TestExecution" name="TC12" time="0.521"/>
  <system-out/>
  <testcase classname="saucedemo.testCases.TestExecution" name="TC6" time="0.020"/>
  <system-out/>
  <testcase classname="saucedemo.testCases.TestExecution" name="TC3" time="0.286"/>
  <system-out/>
  <testcase classname="saucedemo.testCases.TestExecution" name="TC4" time="0.236"/>
  <system-out/>
  <testcase classname="saucedemo.testCases.TestExecution" name="TC1" time="0.176"/>
  <system-out/>
  <testcase classname="saucedemo.testCases.TestExecution" name="TC16" time="0.102"/>
  <system-out/>
  <testcase classname="saucedemo.testCases.TestExecution" name="TC11" time="0.023"/>
  <system-out/>
  <testcase classname="saucedemo.testCases.TestExecution" name="TC13" time="0.503"/>
  <system-out/>
  <testcase classname="saucedemo.testCases.TestExecution" name="TC9" time="0.053"/>
  <system-out/>
  <testcase classname="saucedemo.testCases.TestExecution" name="TC15" time="0.210"/>
  <system-out/>
  <testcase classname="saucedemo.testCases.TestExecution" name="TC7" time="0.262"/>
  <system-out/>
  <testcase classname="saucedemo.testCases.TestExecution" name="TC10" time="3.303"/>
  <system-out/>
  <testcase classname="saucedemo.testCases.TestExecution" name="TC14" time="0.211"/>
  <system-out/>
  <testcase classname="saucedemo.testCases.TestExecution" name="TC8" time="0.226"/>
  <system-out/>
</testsuite> <!-- saucedemo.testCases.TestExecution -->
