<?xml version="1.0" encoding="UTF-8"?>
<!-- Generated by org.testng.reporters.JUnitReportReporter -->
<testsuite hostname="Test" failures="0" tests="16" name="saucedemo.testCases.TestExecution" time="5.972" errors="0" timestamp="2025-02-28T10:33:44 EET" skipped="0">
  <testcase classname="saucedemo.testCases.TestExecution" name="TC13" time="0.477"/>
  <testcase classname="saucedemo.testCases.TestExecution" name="TC8" time="0.187"/>
  <testcase classname="saucedemo.testCases.TestExecution" name="TC10" time="3.276"/>
  <testcase classname="saucedemo.testCases.TestExecution" name="TC16" time="0.074"/>
  <testcase classname="saucedemo.testCases.TestExecution" name="TC11" time="0.029"/>
  <testcase classname="saucedemo.testCases.TestExecution" name="TC12" time="0.551"/>
  <testcase classname="saucedemo.testCases.TestExecution" name="TC9" time="0.047"/>
  <testcase classname="saucedemo.testCases.TestExecution" name="TC14" time="0.136"/>
  <testcase classname="saucedemo.testCases.TestExecution" name="TC5" time="0.009"/>
  <testcase classname="saucedemo.testCases.TestExecution" name="TC15" time="0.180"/>
  <testcase classname="saucedemo.testCases.TestExecution" name="TC7" time="0.239"/>
  <testcase classname="saucedemo.testCases.TestExecution" name="TC4" time="0.177"/>
  <testcase classname="saucedemo.testCases.TestExecution" name="TC6" time="0.016"/>
  <testcase classname="saucedemo.testCases.TestExecution" name="TC2" time="0.171"/>
  <testcase classname="saucedemo.testCases.TestExecution" name="TC1" time="0.184"/>
  <testcase classname="saucedemo.testCases.TestExecution" name="TC3" time="0.219"/>
</testsuite> <!-- saucedemo.testCases.TestExecution -->
