<?xml version="1.0" encoding="UTF-8"?>
<!-- Generated by org.testng.reporters.JUnitReportReporter -->
<testsuite hostname="DESKTOP-8VUSPTS" failures="0" tests="16" name="saucedemo.testCases.TestExecution" time="6.278" errors="0" timestamp="2024-12-02T15:39:51 EET" skipped="0">
  <testcase classname="saucedemo.testCases.TestExecution" name="TC16" time="0.118"/>
  <testcase classname="saucedemo.testCases.TestExecution" name="TC6" time="0.019"/>
  <testcase classname="saucedemo.testCases.TestExecution" name="TC5" time="0.008"/>
  <testcase classname="saucedemo.testCases.TestExecution" name="TC4" time="0.210"/>
  <testcase classname="saucedemo.testCases.TestExecution" name="TC7" time="0.297"/>
  <testcase classname="saucedemo.testCases.TestExecution" name="TC11" time="0.021"/>
  <testcase classname="saucedemo.testCases.TestExecution" name="TC14" time="0.174"/>
  <testcase classname="saucedemo.testCases.TestExecution" name="TC8" time="0.249"/>
  <testcase classname="saucedemo.testCases.TestExecution" name="TC2" time="0.161"/>
  <testcase classname="saucedemo.testCases.TestExecution" name="TC3" time="0.270"/>
  <testcase classname="saucedemo.testCases.TestExecution" name="TC10" time="3.306"/>
  <testcase classname="saucedemo.testCases.TestExecution" name="TC15" time="0.254"/>
  <testcase classname="saucedemo.testCases.TestExecution" name="TC1" time="0.180"/>
  <testcase classname="saucedemo.testCases.TestExecution" name="TC9" time="0.063"/>
  <testcase classname="saucedemo.testCases.TestExecution" name="TC13" time="0.486"/>
  <testcase classname="saucedemo.testCases.TestExecution" name="TC12" time="0.462"/>
</testsuite> <!-- saucedemo.testCases.TestExecution -->
