<?xml version="1.0" encoding="UTF-8"?>
<!-- Generated by org.testng.reporters.JUnitReportReporter -->
<testsuite hostname="DESKTOP-8VUSPTS" failures="0" tests="16" name="saucedemo.testCases.TestExecution" time="6.150" errors="0" timestamp="2024-12-02T16:20:43 EET" skipped="0">
  <testcase classname="saucedemo.testCases.TestExecution" name="TC7" time="0.297"/>
  <testcase classname="saucedemo.testCases.TestExecution" name="TC9" time="0.062"/>
  <testcase classname="saucedemo.testCases.TestExecution" name="TC16" time="0.105"/>
  <testcase classname="saucedemo.testCases.TestExecution" name="TC11" time="0.040"/>
  <testcase classname="saucedemo.testCases.TestExecution" name="TC10" time="3.255"/>
  <testcase classname="saucedemo.testCases.TestExecution" name="TC1" time="0.184"/>
  <testcase classname="saucedemo.testCases.TestExecution" name="TC14" time="0.158"/>
  <testcase classname="saucedemo.testCases.TestExecution" name="TC5" time="0.007"/>
  <testcase classname="saucedemo.testCases.TestExecution" name="TC3" time="0.263"/>
  <testcase classname="saucedemo.testCases.TestExecution" name="TC12" time="0.432"/>
  <testcase classname="saucedemo.testCases.TestExecution" name="TC13" time="0.503"/>
  <testcase classname="saucedemo.testCases.TestExecution" name="TC4" time="0.214"/>
  <testcase classname="saucedemo.testCases.TestExecution" name="TC15" time="0.205"/>
  <testcase classname="saucedemo.testCases.TestExecution" name="TC8" time="0.256"/>
  <testcase classname="saucedemo.testCases.TestExecution" name="TC2" time="0.152"/>
  <testcase classname="saucedemo.testCases.TestExecution" name="TC6" time="0.017"/>
</testsuite> <!-- saucedemo.testCases.TestExecution -->
