<?xml version="1.0" encoding="UTF-8"?>
<!-- Generated by org.testng.reporters.JUnitReportReporter -->
<testsuite hostname="DESKTOP-8VUSPTS" failures="0" tests="16" name="saucedemo.testCases.TestExecution" time="6.342" errors="0" timestamp="2024-12-02T16:00:15 EET" skipped="0">
  <testcase classname="saucedemo.testCases.TestExecution" name="TC2" time="0.170"/>
  <testcase classname="saucedemo.testCases.TestExecution" name="TC14" time="0.173"/>
  <testcase classname="saucedemo.testCases.TestExecution" name="TC8" time="0.275"/>
  <testcase classname="saucedemo.testCases.TestExecution" name="TC3" time="0.269"/>
  <testcase classname="saucedemo.testCases.TestExecution" name="TC7" time="0.303"/>
  <testcase classname="saucedemo.testCases.TestExecution" name="TC16" time="0.122"/>
  <testcase classname="saucedemo.testCases.TestExecution" name="TC1" time="0.184"/>
  <testcase classname="saucedemo.testCases.TestExecution" name="TC12" time="0.442"/>
  <testcase classname="saucedemo.testCases.TestExecution" name="TC13" time="0.488"/>
  <testcase classname="saucedemo.testCases.TestExecution" name="TC6" time="0.019"/>
  <testcase classname="saucedemo.testCases.TestExecution" name="TC9" time="0.064"/>
  <testcase classname="saucedemo.testCases.TestExecution" name="TC4" time="0.212"/>
  <testcase classname="saucedemo.testCases.TestExecution" name="TC5" time="0.008"/>
  <testcase classname="saucedemo.testCases.TestExecution" name="TC15" time="0.257"/>
  <testcase classname="saucedemo.testCases.TestExecution" name="TC10" time="3.328"/>
  <testcase classname="saucedemo.testCases.TestExecution" name="TC11" time="0.028"/>
</testsuite> <!-- saucedemo.testCases.TestExecution -->
