<?xml version="1.0" encoding="UTF-8"?>
<!-- Generated by org.testng.reporters.JUnitReportReporter -->
<testsuite hostname="Test" failures="0" tests="16" name="saucedemo.testCases.TestExecution" time="3.997" errors="0" timestamp="2025-07-31T13:35:50 EEST" skipped="0">
  <testcase classname="saucedemo.testCases.TestExecution" name="TC5" time="0.016"/>
  <testcase classname="saucedemo.testCases.TestExecution" name="TC11" time="0.031"/>
  <testcase classname="saucedemo.testCases.TestExecution" name="TC3" time="0.230"/>
  <testcase classname="saucedemo.testCases.TestExecution" name="TC15" time="0.364"/>
  <testcase classname="saucedemo.testCases.TestExecution" name="TC12" time="0.705"/>
  <testcase classname="saucedemo.testCases.TestExecution" name="TC8" time="0.239"/>
  <testcase classname="saucedemo.testCases.TestExecution" name="TC16" time="0.144"/>
  <testcase classname="saucedemo.testCases.TestExecution" name="TC14" time="0.259"/>
  <testcase classname="saucedemo.testCases.TestExecution" name="TC4" time="0.187"/>
  <testcase classname="saucedemo.testCases.TestExecution" name="TC6" time="0.025"/>
  <testcase classname="saucedemo.testCases.TestExecution" name="TC13" time="0.713"/>
  <testcase classname="saucedemo.testCases.TestExecution" name="TC2" time="0.173"/>
  <testcase classname="saucedemo.testCases.TestExecution" name="TC7" time="0.288"/>
  <testcase classname="saucedemo.testCases.TestExecution" name="TC10" time="0.390"/>
  <testcase classname="saucedemo.testCases.TestExecution" name="TC1" time="0.163"/>
  <testcase classname="saucedemo.testCases.TestExecution" name="TC9" time="0.070"/>
</testsuite> <!-- saucedemo.testCases.TestExecution -->
