<?xml version="1.0" encoding="UTF-8"?>
<!-- Generated by org.testng.reporters.JUnitReportReporter -->
<testsuite hostname="Test" failures="0" tests="16" name="saucedemo.testCases.TestExecution" time="5.655" errors="0" timestamp="2024-12-13T13:25:19 EET" skipped="0">
  <testcase classname="saucedemo.testCases.TestExecution" name="TC11" time="0.017"/>
  <testcase classname="saucedemo.testCases.TestExecution" name="TC13" time="0.397"/>
  <testcase classname="saucedemo.testCases.TestExecution" name="TC16" time="0.062"/>
  <testcase classname="saucedemo.testCases.TestExecution" name="TC3" time="0.246"/>
  <testcase classname="saucedemo.testCases.TestExecution" name="TC14" time="0.100"/>
  <testcase classname="saucedemo.testCases.TestExecution" name="TC12" time="0.424"/>
  <testcase classname="saucedemo.testCases.TestExecution" name="TC6" time="0.015"/>
  <testcase classname="saucedemo.testCases.TestExecution" name="TC2" time="0.145"/>
  <testcase classname="saucedemo.testCases.TestExecution" name="TC5" time="0.010"/>
  <testcase classname="saucedemo.testCases.TestExecution" name="TC9" time="0.039"/>
  <testcase classname="saucedemo.testCases.TestExecution" name="TC7" time="0.236"/>
  <testcase classname="saucedemo.testCases.TestExecution" name="TC10" time="3.276"/>
  <testcase classname="saucedemo.testCases.TestExecution" name="TC1" time="0.154"/>
  <testcase classname="saucedemo.testCases.TestExecution" name="TC15" time="0.154"/>
  <testcase classname="saucedemo.testCases.TestExecution" name="TC4" time="0.219"/>
  <testcase classname="saucedemo.testCases.TestExecution" name="TC8" time="0.161"/>
</testsuite> <!-- saucedemo.testCases.TestExecution -->
